<?xml version="1.0" encoding="UTF-8"?>
<testng-results ignored="0" total="1" passed="1" failed="0" skipped="0">
  <reporter-output>
  </reporter-output>
  <suite started-at="2024-06-07T15:34:20 IST" name="Default suite" finished-at="2024-06-07T15:34:37 IST" duration-ms="17666">
    <groups>
    </groups>
    <test started-at="2024-06-07T15:34:20 IST" name="Default test" finished-at="2024-06-07T15:34:37 IST" duration-ms="17666">
      <class name="jenkins.Flipkart">
        <test-method signature="Flip()[pri:0, instance:jenkins.Flipkart@351d00c0]" started-at="2024-06-07T15:34:20 IST" name="Flip" finished-at="2024-06-07T15:34:37 IST" duration-ms="17636" status="PASS">
          <reporter-output>
          </reporter-output>
        </test-method> <!-- Flip -->
      </class> <!-- jenkins.Flipkart -->
    </test> <!-- Default test -->
  </suite> <!-- Default suite -->
</testng-results>
