<?xml version="1.0" encoding="UTF-8"?>
<testng-results ignored="0" total="1" passed="1" failed="0" skipped="0">
  <reporter-output>
  </reporter-output>
  <suite started-at="2024-06-07T18:30:16 IST" name="Default suite" finished-at="2024-06-07T18:31:02 IST" duration-ms="46367">
    <groups>
    </groups>
    <test started-at="2024-06-07T18:30:16 IST" name="Default test" finished-at="2024-06-07T18:31:02 IST" duration-ms="46367">
      <class name="jenkins.FlipKartBhowBhowStackTest">
        <test-method signature="Flip()[pri:0, instance:jenkins.FlipKartBhowBhowStackTest@351d00c0]" started-at="2024-06-07T18:30:16 IST" name="Flip" finished-at="2024-06-07T18:31:02 IST" duration-ms="46290" status="PASS">
          <reporter-output>
          </reporter-output>
        </test-method> <!-- Flip -->
      </class> <!-- jenkins.FlipKartBhowBhowStackTest -->
    </test> <!-- Default test -->
  </suite> <!-- Default suite -->
</testng-results>
